=== PRIMARY VOLUME DESCRIPTOR 1 ===
FILE SYSTEM INFORMATION
--------------------------------------------
File System Type: ISO9660
Volume Name: JAVA
Volume Set Size: 1
Volume Set Sequence: 1
Publisher:  
Data Preparer:  
Recording Application:  
Copyright:  

METADATA INFORMATION
--------------------------------------------
Path Table Location: 19-24
Inode Range: 0 - 1690
Root Directory Block: 31

CONTENT INFORMATION
--------------------------------------------
Sector Size: 2048
Block Size: 2048
Total Sector Range: 0 - 64265
Total Block Range: 0 - 64265

=== SUPPLEMENTARY VOLUME DESCRIPTOR 1 ===
FILE SYSTEM INFORMATION
--------------------------------------------
File System Type: ISO9660
Volume Name: 
Volume Set Size: 1
Volume Set Sequence: 1
Publisher:  
Data Preparer:  
Recording Application:  
Copyright:  

METADATA INFORMATION
--------------------------------------------
Path Table Location: 766-773
Root Directory Block: 782
Joliet Name Encoding: UCS-2 Level 1

CONTENT INFORMATION
--------------------------------------------
Sector Size: 2048
Block Size: 2048
Total Sector Range: 0 - 64265
Total Block Range: 0 - 64265
